<?xml version="1.0" encoding="UTF-8"?>
<!-- Generated by org.testng.reporters.JUnitXMLReporter -->
<testsuite ignored="0" hostname="DESKTOP-SQV0FBF" failures="0" tests="3" name="Default test" time="33.989" errors="0" timestamp="2025-04-21T13:44:48 IST">
  <testcase classname="org.abhi.DoctorLogin" name="positiveLoginTest" time="21.537"/>
  <testcase classname="org.abhi.DoctorLogin" name="fieldsBlankLoginTest" time="5.235"/>
  <testcase classname="org.abhi.DoctorLogin" name="negativeLoginTest" time="5.142"/>
</testsuite> <!-- Default test -->
