<?xml version="1.0" encoding="UTF-8"?>
<testng-results ignored="0" total="3" passed="3" failed="0" skipped="0">
  <reporter-output>
  </reporter-output>
  <suite started-at="2025-04-21T13:44:14 IST" name="Default suite" finished-at="2025-04-21T13:44:48 IST" duration-ms="33989">
    <groups>
    </groups>
    <test started-at="2025-04-21T13:44:14 IST" name="Default test" finished-at="2025-04-21T13:44:48 IST" duration-ms="33989">
      <class name="org.abhi.DoctorLogin">
        <test-method is-config="true" signature="setUp()[pri:0, instance:org.abhi.DoctorLogin@19e4653c]" started-at="2025-04-21T13:44:14 IST" name="setUp" finished-at="2025-04-21T13:44:16 IST" duration-ms="1759" status="PASS">
          <reporter-output>
          </reporter-output>
        </test-method> <!-- setUp -->
        <test-method signature="positiveLoginTest()[pri:1, instance:org.abhi.DoctorLogin@19e4653c]" started-at="2025-04-21T13:44:16 IST" name="positiveLoginTest" finished-at="2025-04-21T13:44:38 IST" duration-ms="21537" status="PASS">
          <reporter-output>
          </reporter-output>
        </test-method> <!-- positiveLoginTest -->
        <test-method signature="fieldsBlankLoginTest()[pri:2, instance:org.abhi.DoctorLogin@19e4653c]" started-at="2025-04-21T13:44:38 IST" name="fieldsBlankLoginTest" finished-at="2025-04-21T13:44:43 IST" duration-ms="5235" status="PASS">
          <reporter-output>
          </reporter-output>
        </test-method> <!-- fieldsBlankLoginTest -->
        <test-method signature="negativeLoginTest()[pri:3, instance:org.abhi.DoctorLogin@19e4653c]" started-at="2025-04-21T13:44:43 IST" name="negativeLoginTest" finished-at="2025-04-21T13:44:48 IST" duration-ms="5142" status="PASS">
          <reporter-output>
          </reporter-output>
        </test-method> <!-- negativeLoginTest -->
        <test-method is-config="true" signature="tearDown()[pri:0, instance:org.abhi.DoctorLogin@19e4653c]" started-at="2025-04-21T13:44:48 IST" name="tearDown" finished-at="2025-04-21T13:44:48 IST" duration-ms="219" status="PASS">
          <reporter-output>
          </reporter-output>
        </test-method> <!-- tearDown -->
      </class> <!-- org.abhi.DoctorLogin -->
    </test> <!-- Default test -->
  </suite> <!-- Default suite -->
</testng-results>
